<?xml version="1.0" encoding="UTF-8"?>
<!-- Generated by org.testng.reporters.JUnitXMLReporter -->
<testsuite hostname="DESKTOP-7MQHOP7" ignored="4" name="Surefire test" tests="6" failures="3" timestamp="2020-10-06T16:12:29 IST" time="65.437" errors="0">
  <testcase name="@AfterMethod teardown" time="0.081" classname="com.zoopla.regressiontests.BaseTest">
    <failure type="java.lang.NullPointerException">
      <![CDATA[java.lang.NullPointerException
at com.zoopla.regressiontests.BaseTest.teardown(BaseTest.java:93)
at java.util.ArrayList.forEach(ArrayList.java:1259)
... Removed 36 stack frames]]>
    </failure>
  </testcase> <!-- @AfterMethod teardown -->
  <testcase name="@BeforeMethod setup" time="-1.60198091417E9" classname="com.zoopla.regressiontests.BaseTest">
    <skipped/>
  </testcase> <!-- @BeforeMethod setup -->
  <testcase name="@AfterMethod teardown" time="-1.601980914181E9" classname="com.zoopla.regressiontests.BaseTest">
    <skipped/>
  </testcase> <!-- @AfterMethod teardown -->
  <testcase name="@BeforeMethod setup" time="-1.601980914184E9" classname="com.zoopla.regressiontests.BaseTest">
    <skipped/>
  </testcase> <!-- @BeforeMethod setup -->
  <testcase name="@AfterMethod teardown" time="-1.601980914196E9" classname="com.zoopla.regressiontests.BaseTest">
    <skipped/>
  </testcase> <!-- @AfterMethod teardown -->
  <testcase name="@AfterMethod teardown" time="0.002" classname="com.zoopla.regressiontests.BaseTest">
    <failure type="java.lang.NullPointerException">
      <![CDATA[java.lang.NullPointerException
at com.zoopla.regressiontests.BaseTest.teardown(BaseTest.java:93)
at java.util.ArrayList.forEach(ArrayList.java:1259)
... Removed 36 stack frames]]>
    </failure>
  </testcase> <!-- @AfterMethod teardown -->
  <testcase name="@BeforeMethod setup" time="-1.601980948748E9" classname="com.zoopla.regressiontests.BaseTest">
    <skipped/>
  </testcase> <!-- @BeforeMethod setup -->
  <testcase name="@AfterMethod teardown" time="-1.601980948767E9" classname="com.zoopla.regressiontests.BaseTest">
    <skipped/>
  </testcase> <!-- @AfterMethod teardown -->
  <testcase name="@AfterTest endreport" time="-1.60198094877E9" classname="com.zoopla.regressiontests.BaseTest">
    <skipped/>
  </testcase> <!-- @AfterTest endreport -->
  <testcase name="displayemptable" time="0.191" classname="com.zoopla.regressiontests.DBvalidationTest">
    <failure type="java.lang.UnsupportedClassVersionError" message="com/microsoft/sqlserver/jdbc/SQLServerDriver has been compiled by a more recent version of the Java Runtime (class file version 58.0), this version of the Java Runtime only recognizes class file versions up to 52.0">
      <![CDATA[java.lang.UnsupportedClassVersionError: com/microsoft/sqlserver/jdbc/SQLServerDriver has been compiled by a more recent version of the Java Runtime (class file version 58.0), this version of the Java Runtime only recognizes class file versions up to 52.0
at java.lang.ClassLoader.defineClass1(Native Method)
at java.lang.ClassLoader.defineClass(ClassLoader.java:756)
at java.security.SecureClassLoader.defineClass(SecureClassLoader.java:142)
at java.net.URLClassLoader.defineClass(URLClassLoader.java:468)
at java.net.URLClassLoader.access$100(URLClassLoader.java:74)
at java.net.URLClassLoader$1.run(URLClassLoader.java:369)
at java.net.URLClassLoader$1.run(URLClassLoader.java:363)
at java.security.AccessController.doPrivileged(Native Method)
at java.net.URLClassLoader.findClass(URLClassLoader.java:362)
at java.lang.ClassLoader.loadClass(ClassLoader.java:418)
at sun.misc.Launcher$AppClassLoader.loadClass(Launcher.java:355)
at java.lang.ClassLoader.loadClass(ClassLoader.java:351)
at java.lang.Class.forName0(Native Method)
at java.lang.Class.forName(Class.java:264)
at com.zoopla.utilities.DatabaseConnector.getdbconnection(DatabaseConnector.java:11)
at com.zoopla.regressiontests.DBvalidationTest.displayemptable(DBvalidationTest.java:17)
at java.util.ArrayList.forEach(ArrayList.java:1259)
... Removed 31 stack frames]]>
    </failure>
  </testcase> <!-- displayemptable -->
  <testcase name="forsalehyperlinkvalidaation" time="0.007" classname="com.zoopla.regressiontests.ZooplaForSaleTest">
    <failure type="java.lang.NullPointerException">
      <![CDATA[java.lang.NullPointerException
at com.zoopla.regressiontests.ZooplaForSaleTest.forsalehyperlinkvalidaation(ZooplaForSaleTest.java:17)
at java.util.ArrayList.forEach(ArrayList.java:1259)
... Removed 31 stack frames]]>
    </failure>
  </testcase> <!-- forsalehyperlinkvalidaation -->
  <testcase name="propertiesforsalesearch" time="0.0" classname="com.zoopla.regressiontests.ZooplaForSaleTest">
    <skipped/>
  </testcase> <!-- propertiesforsalesearch -->
  <testcase name="ukpropertyforsalepagevalidation" time="0.0" classname="com.zoopla.regressiontests.ZooplaForSaleTest">
    <skipped/>
  </testcase> <!-- ukpropertyforsalepagevalidation -->
  <testcase name="validatenewhomesforsalepageadvancefilters" time="0.005" classname="com.zoopla.regressiontests.ZooplanewhomeforsaleTest">
    <failure type="java.lang.NullPointerException">
      <![CDATA[java.lang.NullPointerException
at com.zoopla.regressiontests.ZooplanewhomeforsaleTest.validatenewhomesforsalepageadvancefilters(ZooplanewhomeforsaleTest.java:26)
at java.util.ArrayList.forEach(ArrayList.java:1259)
... Removed 31 stack frames]]>
    </failure>
  </testcase> <!-- validatenewhomesforsalepageadvancefilters -->
  <testcase name="validatenewhomesforsalepagetitle" time="0.0" classname="com.zoopla.regressiontests.ZooplanewhomeforsaleTest">
    <skipped/>
  </testcase> <!-- validatenewhomesforsalepagetitle -->
  <testcase name="@AfterTest endreport" time="0.0" classname="com.zoopla.regressiontests.BaseTest">
    <ignored/>
  </testcase> <!-- @AfterTest endreport -->
  <testcase name="@AfterTest endreport" time="0.0" classname="com.zoopla.regressiontests.BaseTest">
    <ignored/>
  </testcase> <!-- @AfterTest endreport -->
  <testcase name="@BeforeTest setExtent" time="0.0" classname="com.zoopla.regressiontests.BaseTest">
    <ignored/>
  </testcase> <!-- @BeforeTest setExtent -->
  <testcase name="@BeforeTest setExtent" time="0.0" classname="com.zoopla.regressiontests.BaseTest">
    <ignored/>
  </testcase> <!-- @BeforeTest setExtent -->
</testsuite> <!-- Surefire test -->
