<?xml version="1.0" encoding="UTF-8"?>
<testng-results skipped="0" failed="1" ignored="2" total="3" passed="0">
  <reporter-output>
  </reporter-output>
  <suite name="Default suite" duration-ms="51015" started-at="2020-11-09T19:28:50 IST" finished-at="2020-11-09T19:29:41 IST">
    <groups>
    </groups>
    <test name="Default test" duration-ms="51015" started-at="2020-11-09T19:28:50 IST" finished-at="2020-11-09T19:29:41 IST">
      <class name="com.zoopla.regressiontests.ZooplaCommercialTest">
        <test-method status="PASS" signature="setExtent()[pri:0, instance:com.zoopla.regressiontests.ZooplaCommercialTest@4313f5bc]" name="setExtent" is-config="true" duration-ms="229" started-at="2020-11-09T19:28:50 IST" finished-at="2020-11-09T19:28:51 IST">
          <reporter-output>
          </reporter-output>
        </test-method> <!-- setExtent -->
        <test-method status="PASS" signature="setup()[pri:0, instance:com.zoopla.regressiontests.ZooplaCommercialTest@4313f5bc]" name="setup" is-config="true" duration-ms="18671" started-at="2020-11-09T19:28:51 IST" finished-at="2020-11-09T19:29:09 IST">
          <reporter-output>
          </reporter-output>
        </test-method> <!-- setup -->
        <test-method status="FAIL" signature="commercialagentssortingorder()[pri:0, instance:com.zoopla.regressiontests.ZooplaCommercialTest@4313f5bc]" name="commercialagentssortingorder" duration-ms="30950" started-at="2020-11-09T19:29:10 IST" finished-at="2020-11-09T19:29:41 IST">
          <exception class="org.openqa.selenium.TimeoutException">
            <message>
              <![CDATA[Expected condition failed: waiting for visibility of [[ChromeDriver: chrome on WINDOWS (a7aa8a921a2718bb49192aaf4ac5591e)] -> xpath: //select[@name='agents_sort']] (tried for 20 second(s) with 500 milliseconds interval)
Build info: version: '3.141.59', revision: 'e82be7d358', time: '2018-11-14T08:17:03'
System info: host: 'DESKTOP-7MQHOP7', ip: '192.168.99.1', os.name: 'Windows 10', os.arch: 'amd64', os.version: '10.0', java.version: '1.8.0_261'
Driver info: org.openqa.selenium.chrome.ChromeDriver
Capabilities {acceptInsecureCerts: false, browserName: chrome, browserVersion: 86.0.4240.183, chrome: {chromedriverVersion: 85.0.4183.87 (cd6713ebf92fa..., userDataDir: C:\Users\lenovo\AppData\Loc...}, goog:chromeOptions: {debuggerAddress: localhost:55056}, javascriptEnabled: true, networkConnectionEnabled: false, pageLoadStrategy: normal, platform: WINDOWS, platformName: WINDOWS, proxy: Proxy(), setWindowRect: true, strictFileInteractability: false, timeouts: {implicit: 0, pageLoad: 300000, script: 30000}, unhandledPromptBehavior: dismiss and notify, webauthn:virtualAuthenticators: true}
Session ID: a7aa8a921a2718bb49192aaf4ac5591e]]>
            </message>
            <full-stacktrace>
              <![CDATA[org.openqa.selenium.TimeoutException: Expected condition failed: waiting for visibility of [[ChromeDriver: chrome on WINDOWS (a7aa8a921a2718bb49192aaf4ac5591e)] -> xpath: //select[@name='agents_sort']] (tried for 20 second(s) with 500 milliseconds interval)
Build info: version: '3.141.59', revision: 'e82be7d358', time: '2018-11-14T08:17:03'
System info: host: 'DESKTOP-7MQHOP7', ip: '192.168.99.1', os.name: 'Windows 10', os.arch: 'amd64', os.version: '10.0', java.version: '1.8.0_261'
Driver info: org.openqa.selenium.chrome.ChromeDriver
Capabilities {acceptInsecureCerts: false, browserName: chrome, browserVersion: 86.0.4240.183, chrome: {chromedriverVersion: 85.0.4183.87 (cd6713ebf92fa..., userDataDir: C:\Users\lenovo\AppData\Loc...}, goog:chromeOptions: {debuggerAddress: localhost:55056}, javascriptEnabled: true, networkConnectionEnabled: false, pageLoadStrategy: normal, platform: WINDOWS, platformName: WINDOWS, proxy: Proxy(), setWindowRect: true, strictFileInteractability: false, timeouts: {implicit: 0, pageLoad: 300000, script: 30000}, unhandledPromptBehavior: dismiss and notify, webauthn:virtualAuthenticators: true}
Session ID: a7aa8a921a2718bb49192aaf4ac5591e
at org.openqa.selenium.support.ui.WebDriverWait.timeoutException(WebDriverWait.java:95)
at org.openqa.selenium.support.ui.FluentWait.until(FluentWait.java:272)
at com.zoopla.pagerepository.Homebasedpage.waitforelemnt(Homebasedpage.java:66)
at com.zoopla.regressiontests.ZooplaCommercialTest.commercialagentssortingorder(ZooplaCommercialTest.java:56)
at sun.reflect.NativeMethodAccessorImpl.invoke0(Native Method)
at sun.reflect.NativeMethodAccessorImpl.invoke(NativeMethodAccessorImpl.java:62)
at sun.reflect.DelegatingMethodAccessorImpl.invoke(DelegatingMethodAccessorImpl.java:43)
at java.lang.reflect.Method.invoke(Method.java:498)
at org.testng.internal.MethodInvocationHelper.invokeMethod(MethodInvocationHelper.java:133)
at org.testng.internal.TestInvoker.invokeMethod(TestInvoker.java:584)
at org.testng.internal.TestInvoker.invokeTestMethod(TestInvoker.java:172)
at org.testng.internal.MethodRunner.runInSequence(MethodRunner.java:46)
at org.testng.internal.TestInvoker$MethodInvocationAgent.invoke(TestInvoker.java:804)
at org.testng.internal.TestInvoker.invokeTestMethods(TestInvoker.java:145)
at org.testng.internal.TestMethodWorker.invokeTestMethods(TestMethodWorker.java:146)
at org.testng.internal.TestMethodWorker.run(TestMethodWorker.java:128)
at java.util.ArrayList.forEach(ArrayList.java:1259)
at org.testng.TestRunner.privateRun(TestRunner.java:770)
at org.testng.TestRunner.run(TestRunner.java:591)
at org.testng.SuiteRunner.runTest(SuiteRunner.java:402)
at org.testng.SuiteRunner.runSequentially(SuiteRunner.java:396)
at org.testng.SuiteRunner.privateRun(SuiteRunner.java:355)
at org.testng.SuiteRunner.run(SuiteRunner.java:304)
at org.testng.SuiteRunnerWorker.runSuite(SuiteRunnerWorker.java:53)
at org.testng.SuiteRunnerWorker.run(SuiteRunnerWorker.java:96)
at org.testng.TestNG.runSuitesSequentially(TestNG.java:1180)
at org.testng.TestNG.runSuitesLocally(TestNG.java:1102)
at org.testng.TestNG.runSuites(TestNG.java:1032)
at org.testng.TestNG.run(TestNG.java:1000)
at org.testng.remote.AbstractRemoteTestNG.run(AbstractRemoteTestNG.java:115)
at org.testng.remote.RemoteTestNG.initAndRun(RemoteTestNG.java:251)
at org.testng.remote.RemoteTestNG.main(RemoteTestNG.java:77)
]]>
            </full-stacktrace>
          </exception> <!-- org.openqa.selenium.TimeoutException -->
          <reporter-output>
          </reporter-output>
        </test-method> <!-- commercialagentssortingorder -->
        <test-method status="PASS" signature="teardown(org.testng.ITestResult)[pri:0, instance:com.zoopla.regressiontests.ZooplaCommercialTest@4313f5bc]" name="teardown" is-config="true" duration-ms="854" started-at="2020-11-09T19:29:41 IST" finished-at="2020-11-09T19:29:41 IST">
          <params>
            <param index="0">
              <value>
                <![CDATA[[TestResult name=commercialagentssortingorder status=FAILURE method=ZooplaCommercialTest.commercialagentssortingorder()[pri:0, instance:com.zoopla.regressiontests.ZooplaCommercialTest@4313f5bc] output={null}]]]>
              </value>
            </param>
          </params>
          <reporter-output>
          </reporter-output>
        </test-method> <!-- teardown -->
        <test-method status="PASS" signature="endreport()[pri:0, instance:com.zoopla.regressiontests.ZooplaCommercialTest@4313f5bc]" name="endreport" is-config="true" duration-ms="3" started-at="2020-11-09T19:29:41 IST" finished-at="2020-11-09T19:29:41 IST">
          <reporter-output>
          </reporter-output>
        </test-method> <!-- endreport -->
      </class> <!-- com.zoopla.regressiontests.ZooplaCommercialTest -->
    </test> <!-- Default test -->
  </suite> <!-- Default suite -->
</testng-results>
